{
  "RSpec": {
    "coverage": {
      "/home/ottocedeno/tic-tac-toe-rb-online-web-sp-000/lib/tic_tac_toe.rb": [
        null,
        null,
        1,
        null,
        null,
        null,
        null,
        null,
        null,
        null,
        null,
        null,
        null,
        1,
        25,
        25,
        25,
        25,
        25,
        null,
        null,
        null,
        1,
        24,
        null,
        null,
        null,
        1,
        23,
        null,
        null,
        null,
        1,
        26,
        3,
        null,
        23,
        null,
        null,
        null,
        null,
        1,
        24,
        21,
        null,
        3,
        null,
        null,
        null,
        null,
        1,
        21,
        null,
        21,
        21,
        null,
        21,
        20,
        20,
        null,
        1,
        null,
        null,
        null,
        null,
        1,
        410,
        null,
        null,
        null,
        1,
        21,
        14,
        null,
        7,
        null,
        null,
        null,
        null,
        1,
        44,
        1110,
        17,
        null,
        null,
        27,
        null,
        null,
        null,
        1,
        19,
        7,
        null,
        12,
        null,
        null,
        null,
        null,
        1,
        18,
        5,
        null,
        13,
        null,
        null,
        null,
        null,
        1,
        22,
        10,
        null,
        12,
        null,
        null,
        null,
        null,
        1,
        7,
        7,
        6,
        null,
        null,
        null,
        null,
        null,
        1,
        30,
        18,
        18,
        12,
        5,
        null,
        7,
        null,
        null
      ]
    },
    "timestamp": 1572097128
  }
}
