{
  "RSpec": {
    "coverage": {
      "/home/ottocedeno/tic-tac-toe-rb-online-web-sp-000/lib/tic_tac_toe.rb": [
        null,
        null,
        1,
        null,
        null,
        null,
        null,
        null,
        null,
        null,
        null,
        null,
        null,
        1,
        25,
        25,
        25,
        25,
        25,
        null,
        null,
        null,
        1,
        24,
        null,
        null,
        null,
        1,
        23,
        null,
        null,
        null,
        1,
        26,
        3,
        null,
        23,
        null,
        null,
        null,
        null,
        1,
        24,
        21,
        null,
        3,
        null,
        null,
        null,
        null,
        1,
        21,
        null,
        21,
        21,
        null,
        21,
        20,
        20,
        null,
        1,
        null,
        null,
        null,
        null,
        1,
        47,
        47,
        423,
        158,
        null,
        null,
        47,
        null,
        null,
        null,
        1,
        21,
        14,
        null,
        7,
        null,
        null,
        null,
        null,
        1,
        42,
        1128,
        13,
        null,
        null,
        29,
        null,
        null,
        null,
        1,
        25,
        9,
        null,
        16,
        null,
        null,
        null,
        null,
        1,
        24,
        7,
        null,
        17,
        null,
        null,
        null,
        null,
        1,
        22,
        10,
        null,
        12,
        null,
        null,
        null,
        null,
        1,
        3,
        3,
        2,
        null,
        null,
        null,
        null,
        1,
        30,
        18,
        18,
        null,
        12,
        5,
        null,
        7,
        3,
        null,
        null,
        null,
        null
      ]
    },
    "timestamp": 1572095647
  }
}
